-------------------------------------------------------------------------------
Test set: com.example.demo.ScentofyouApplicationTests
-------------------------------------------------------------------------------
Tests run: 1, Failures: 0, Errors: 1, Skipped: 0, Time elapsed: 0.373 s <<< FAILURE! - in com.example.demo.ScentofyouApplicationTests
com.example.demo.ScentofyouApplicationTests  Time elapsed: 0.37 s  <<< ERROR!
java.lang.IllegalStateException: Unable to find a @SpringBootConfiguration, you need to use @ContextConfiguration or @SpringBootTest(classes=...) with your test

